<?xml version="1.0" encoding="UTF-8"?>
<!-- Generated by org.testng.reporters.JUnitReportReporter -->
<testsuite hostname="IKnIK" failures="0" tests="2" name="tests.RecipeScraperOptimizedTest" time="213.734" errors="0" timestamp="2025-09-21T23:02:28 EDT" skipped="0">
  <testcase classname="tests.RecipeScraperOptimizedTest" name="scrapeDiet" time="153.245"/>
  <testcase classname="tests.RecipeScraperOptimizedTest" name="scrapeDiet" time="60.489"/>
</testsuite> <!-- tests.RecipeScraperOptimizedTest -->
